<?xml version="1.0" encoding="UTF-8"?>
<!-- Generated by org.testng.reporters.JUnitReportReporter -->
<testsuite hostname="AVRLAPTEST" failures="0" tests="1" name="testCase.RegisterTest" time="1.297" errors="0" timestamp="2023-04-01T22:12:58 IST" skipped="0">
  <testcase classname="testCase.RegisterTest" name="Login" time="1.297"/>
  <system-out/>
</testsuite> <!-- testCase.RegisterTest -->
