<?xml version="1.0" encoding="UTF-8"?>
<!-- Generated by org.testng.reporters.JUnitReportReporter -->
<testsuite hostname="AVRLAPTEST" failures="0" tests="1" name="testCase.AddProduct" time="6.180" errors="0" timestamp="2023-04-09T15:44:59 IST" skipped="0">
  <testcase classname="testCase.AddProduct" name="AdminLogin" time="6.180"/>
  <system-out/>
</testsuite> <!-- testCase.AddProduct -->
