<?xml version="1.0" encoding="UTF-8"?>
<!-- Generated by org.testng.reporters.JUnitReportReporter -->
<testsuite hostname="AVRLAPTEST" failures="0" tests="1" name="testCase.CheckoutTest" time="7.813" errors="0" timestamp="2023-04-02T11:34:07 IST" skipped="0">
  <testcase classname="testCase.CheckoutTest" name="Checkout" time="7.813"/>
  <system-out/>
</testsuite> <!-- testCase.CheckoutTest -->
