<?xml version="1.0" encoding="UTF-8"?>
<!-- Generated by org.testng.reporters.JUnitReportReporter -->
<testsuite hostname="AVRLAPTEST" failures="0" tests="1" name="testCase.RegisterTest" time="1.480" errors="0" timestamp="2023-04-08T14:30:00 IST" skipped="0">
  <testcase classname="testCase.RegisterTest" name="Login" time="1.480"/>
  <system-out/>
</testsuite> <!-- testCase.RegisterTest -->
