<?xml version="1.0" encoding="UTF-8"?>
<!-- Generated by org.testng.reporters.JUnitReportReporter -->
<testsuite hostname="AVRLAPTEST" failures="0" tests="1" name="testCase.AddProduct" time="6.368" errors="0" timestamp="2023-04-01T22:16:03 IST" skipped="0">
  <testcase classname="testCase.AddProduct" name="AdminLogin" time="6.368"/>
  <system-out/>
</testsuite> <!-- testCase.AddProduct -->
